<?xml version="1.0" encoding="UTF-8" ?>
<testsuite failures="0" time="29.613" errors="0" skipped="0" tests="9" name="TestSuite">
  <properties>
[...]
</properties>
  <testcase time="12.516" classname="org.artofsolving.jodconverter.OfficeDocumentConverterFunctionalTest" name="runAllPossibleConversions"/>
  <testcase time="0.014" classname="org.artofsolving.jodconverter.document.JsonDocumentFormatRegistryTest" name="readJsonRegistry"/>
  <testcase time="2.177" classname="org.artofsolving.jodconverter.office.ExternalOfficeManagerTest" name="executeTask"/>
  <testcase time="1.719" classname="org.artofsolving.jodconverter.office.PooledOfficeManagerTest" name="executeTask"/>
  <testcase time="4.209" classname="org.artofsolving.jodconverter.office.PooledOfficeManagerTest" name="restartAfterCrash"/>
  <testcase time="5.209" classname="org.artofsolving.jodconverter.office.PooledOfficeManagerTest" name="restartAfterTaskTimeout"/>
  <testcase time="3.439" classname="org.artofsolving.jodconverter.office.PooledOfficeManagerTest" name="restartWhenMaxTasksPerProcessReached"/>
  <testcase time="0.101" classname="org.artofsolving.jodconverter.process.ProcessManagerTest" name="linuxProcessManager"/>
  <testcase time="0.013" classname="org.artofsolving.jodconverter.process.ProcessManagerTest" name="sigarProcessManager"/>
</testsuite>